-------------------------------------------------------------------------------
Test set: org.phenotips.variantStoreIntegration.DefaultVCFUploadManagerTest
-------------------------------------------------------------------------------
Tests run: 1, Failures: 0, Errors: 1, Skipped: 0, Time elapsed: 0.692 sec <<< FAILURE! - in org.phenotips.variantStoreIntegration.DefaultVCFUploadManagerTest
testNormalVCFUpload(org.phenotips.variantStoreIntegration.DefaultVCFUploadManagerTest)  Time elapsed: 0.692 sec  <<< ERROR!
java.lang.NoClassDefFoundError: javax/servlet/http/HttpServletRequest
	at java.net.URLClassLoader$1.run(URLClassLoader.java:372)
	at java.net.URLClassLoader$1.run(URLClassLoader.java:361)
	at java.security.AccessController.doPrivileged(Native Method)
	at java.net.URLClassLoader.findClass(URLClassLoader.java:360)
	at java.lang.ClassLoader.loadClass(ClassLoader.java:424)
	at sun.misc.Launcher$AppClassLoader.loadClass(Launcher.java:308)
	at java.lang.ClassLoader.loadClass(ClassLoader.java:357)
	at java.lang.ClassLoader.defineClass1(Native Method)
	at java.lang.ClassLoader.defineClass(ClassLoader.java:760)
	at java.security.SecureClassLoader.defineClass(SecureClassLoader.java:142)
	at java.net.URLClassLoader.defineClass(URLClassLoader.java:455)
	at java.net.URLClassLoader.access$100(URLClassLoader.java:73)
	at java.net.URLClassLoader$1.run(URLClassLoader.java:367)
	at java.net.URLClassLoader$1.run(URLClassLoader.java:361)
	at java.security.AccessController.doPrivileged(Native Method)
	at java.net.URLClassLoader.findClass(URLClassLoader.java:360)
	at java.lang.ClassLoader.loadClass(ClassLoader.java:424)
	at sun.misc.Launcher$AppClassLoader.loadClass(Launcher.java:308)
	at java.lang.ClassLoader.loadClass(ClassLoader.java:357)
	at java.lang.Class.getDeclaredMethods0(Native Method)
	at java.lang.Class.privateGetDeclaredMethods(Class.java:2693)
	at java.lang.Class.getDeclaredMethods(Class.java:1967)
	at org.mockito.cglib.core.ReflectUtils.addAllMethods(ReflectUtils.java:349)
	at org.mockito.cglib.proxy.Enhancer.getMethods(Enhancer.java:422)
	at org.mockito.cglib.proxy.Enhancer.generateClass(Enhancer.java:457)
	at org.mockito.cglib.core.DefaultGeneratorStrategy.generate(DefaultGeneratorStrategy.java:25)
	at org.mockito.cglib.core.AbstractClassGenerator.create(AbstractClassGenerator.java:217)
	at org.mockito.cglib.proxy.Enhancer.createHelper(Enhancer.java:378)
	at org.mockito.cglib.proxy.Enhancer.createClass(Enhancer.java:318)
	at org.mockito.internal.creation.jmock.ClassImposterizer.createProxyClass(ClassImposterizer.java:110)
	at org.mockito.internal.creation.jmock.ClassImposterizer.imposterise(ClassImposterizer.java:62)
	at org.mockito.internal.creation.jmock.ClassImposterizer.imposterise(ClassImposterizer.java:56)
	at org.mockito.internal.creation.CglibMockMaker.createMock(CglibMockMaker.java:23)
	at org.mockito.internal.util.MockUtil.createMock(MockUtil.java:26)
	at org.mockito.internal.MockitoCore.mock(MockitoCore.java:51)
	at org.mockito.Mockito.mock(Mockito.java:1243)
	at org.mockito.Mockito.mock(Mockito.java:1120)
	at org.phenotips.variantStoreIntegration.DefaultVCFUploadManagerTest.testNormalVCFUpload(DefaultVCFUploadManagerTest.java:83)

