<?xml version="1.0" encoding="UTF-8"?>
<testsuite name="org.phenotips.variantStoreIntegration.VCFUploadManagerTest" time="0.047" tests="1" errors="1" skipped="0" failures="0">
  <properties>
[...]
</properties>
  <testcase name="testVCFUpload" classname="org.phenotips.variantStoreIntegration.VCFUploadManagerTest" time="0.047">
    <error message="Couldn&apos;t find roles for component [null]" type="java.lang.RuntimeException">java.lang.RuntimeException: Couldn't find roles for component [null]
	at org.xwiki.test.mockito.MockitoComponentMockingRule.findComponentRoleType(MockitoComponentMockingRule.java:324)
	at org.xwiki.test.mockito.MockitoComponentMockingRule.mockComponent(MockitoComponentMockingRule.java:234)
	at org.xwiki.test.mockito.MockitoComponentMockingRule.before(MockitoComponentMockingRule.java:222)
	at org.xwiki.test.mockito.MockitoComponentMockingRule$1.evaluate(MockitoComponentMockingRule.java:198)
	at org.junit.runners.ParentRunner.runLeaf(ParentRunner.java:271)
	at org.junit.runners.BlockJUnit4ClassRunner.runChild(BlockJUnit4ClassRunner.java:70)
	at org.junit.runners.BlockJUnit4ClassRunner.runChild(BlockJUnit4ClassRunner.java:50)
	at org.junit.runners.ParentRunner$3.run(ParentRunner.java:238)
	at org.apache.maven.surefire.junitcore.pc.Scheduler$1.run(Scheduler.java:387)
	at java.util.concurrent.Executors$RunnableAdapter.call(Executors.java:511)
	at java.util.concurrent.FutureTask.run(FutureTask.java:266)
	at java.util.concurrent.ThreadPoolExecutor.runWorker(ThreadPoolExecutor.java:1142)
	at java.util.concurrent.ThreadPoolExecutor$Worker.run(ThreadPoolExecutor.java:617)
	at java.lang.Thread.run(Thread.java:745)
</error>
  </testcase>
</testsuite>